2022-05-22 21:53:51,327 [INFO] start (ws_async_manager.py:54): [连接管理]程序启动...
2022-05-22 21:53:51,328 [INFO] run (ws_async_pool.py:34): [连接池]最大并发连接数: 1, 启动会话数: 1
2022-05-22 21:53:51,328 [INFO] new_connect (ws_async_manager.py:110): [连接管理]新会话启动中...
2022-05-22 21:53:51,328 [INFO] connect (ws_async_client.py:79): [ws连接]启动中...
2022-05-22 21:53:51,775 [INFO] identify (ws_async_client.py:113): [ws连接]鉴权中...
2022-05-22 21:53:51,776 [INFO] _send_heartbeat (ws_async_client.py:193): [ws连接]心跳检测启动...
2022-05-22 21:53:51,924 [INFO] on_message (ws_async_client.py:57): [ws连接]鉴权成功
2022-05-22 21:53:51,924 [INFO] on_message (ws_async_client.py:62): [ws连接]程序启动成功！
2022-05-22 21:54:34,287 [INFO] _message_handler (main.py:32): event <qqbot.model.ws_context.WsContext object at 0x10627a6d0>,receive message <@!9146162593823435465> /打卡
2022-05-22 21:55:01,321 [INFO] _message_handler (main.py:32): event <qqbot.model.ws_context.WsContext object at 0x10627a910>,receive message <@!9146162593823435465> /打卡 2022-05-13
2022-05-22 21:56:24,999 [INFO] start_session (ws_async_manager.py:98): [连接管理]服务强行停止!
2022-05-22 22:03:00,105 [INFO] start (ws_async_manager.py:54): [连接管理]程序启动...
2022-05-22 22:03:00,106 [INFO] run (ws_async_pool.py:34): [连接池]最大并发连接数: 1, 启动会话数: 1
2022-05-22 22:03:00,107 [INFO] new_connect (ws_async_manager.py:110): [连接管理]新会话启动中...
2022-05-22 22:03:00,107 [INFO] connect (ws_async_client.py:79): [ws连接]启动中...
2022-05-22 22:03:00,450 [INFO] identify (ws_async_client.py:113): [ws连接]鉴权中...
2022-05-22 22:03:00,451 [INFO] _send_heartbeat (ws_async_client.py:193): [ws连接]心跳检测启动...
2022-05-22 22:03:00,607 [INFO] on_message (ws_async_client.py:57): [ws连接]鉴权成功
2022-05-22 22:03:00,607 [INFO] on_message (ws_async_client.py:62): [ws连接]程序启动成功！
2022-05-22 22:03:19,803 [INFO] _message_handler (main.py:32): event <qqbot.model.ws_context.WsContext object at 0x102c11610>,receive message <@!9146162593823435465> /打卡 2022-05-13
2022-05-22 22:03:47,759 [INFO] _message_handler (main.py:32): event <qqbot.model.ws_context.WsContext object at 0x102c11610>,receive message <@!9146162593823435465> /打卡 2022-5-14
2022-05-22 22:04:18,889 [INFO] _message_handler (main.py:32): event <qqbot.model.ws_context.WsContext object at 0x102c11610>,receive message <@!9146162593823435465> /打卡 2022-05-14
2022-05-22 22:05:16,609 [INFO] start_session (ws_async_manager.py:98): [连接管理]服务强行停止!
2022-05-22 22:05:18,911 [INFO] start (ws_async_manager.py:54): [连接管理]程序启动...
2022-05-22 22:05:18,912 [INFO] run (ws_async_pool.py:34): [连接池]最大并发连接数: 1, 启动会话数: 1
2022-05-22 22:05:18,912 [INFO] new_connect (ws_async_manager.py:110): [连接管理]新会话启动中...
2022-05-22 22:05:18,912 [INFO] connect (ws_async_client.py:79): [ws连接]启动中...
2022-05-22 22:05:19,281 [INFO] identify (ws_async_client.py:113): [ws连接]鉴权中...
2022-05-22 22:05:19,282 [INFO] _send_heartbeat (ws_async_client.py:193): [ws连接]心跳检测启动...
2022-05-22 22:05:19,487 [INFO] on_message (ws_async_client.py:57): [ws连接]鉴权成功
2022-05-22 22:05:19,488 [INFO] on_message (ws_async_client.py:62): [ws连接]程序启动成功！
2022-05-22 22:05:31,592 [INFO] _message_handler (main.py:33): event <qqbot.model.ws_context.WsContext object at 0x106537610>,receive message <@!9146162593823435465> /打卡 2022-05-14
2022-05-22 22:06:04,529 [INFO] start_session (ws_async_manager.py:98): [连接管理]服务强行停止!
2022-05-22 22:06:38,598 [INFO] start (ws_async_manager.py:54): [连接管理]程序启动...
2022-05-22 22:06:38,599 [INFO] run (ws_async_pool.py:34): [连接池]最大并发连接数: 1, 启动会话数: 1
2022-05-22 22:06:38,599 [INFO] new_connect (ws_async_manager.py:110): [连接管理]新会话启动中...
2022-05-22 22:06:38,599 [INFO] connect (ws_async_client.py:79): [ws连接]启动中...
2022-05-22 22:06:39,003 [INFO] identify (ws_async_client.py:113): [ws连接]鉴权中...
2022-05-22 22:06:39,004 [INFO] _send_heartbeat (ws_async_client.py:193): [ws连接]心跳检测启动...
2022-05-22 22:06:39,177 [INFO] on_message (ws_async_client.py:57): [ws连接]鉴权成功
2022-05-22 22:06:39,178 [INFO] on_message (ws_async_client.py:62): [ws连接]程序启动成功！
2022-05-22 22:06:53,305 [INFO] _message_handler (main.py:33): event <qqbot.model.ws_context.WsContext object at 0x102677730>,receive message <@!9146162593823435465> /打卡 2022-05-13
2022-05-22 22:07:19,314 [INFO] _message_handler (main.py:33): event <qqbot.model.ws_context.WsContext object at 0x102677730>,receive message <@!9146162593823435465> /打卡 2022-05-14
2022-05-22 22:08:31,063 [INFO] start_session (ws_async_manager.py:98): [连接管理]服务强行停止!
2022-05-22 22:09:56,809 [INFO] start (ws_async_manager.py:54): [连接管理]程序启动...
2022-05-22 22:09:56,810 [INFO] run (ws_async_pool.py:34): [连接池]最大并发连接数: 1, 启动会话数: 1
2022-05-22 22:09:56,810 [INFO] new_connect (ws_async_manager.py:110): [连接管理]新会话启动中...
2022-05-22 22:09:56,810 [INFO] connect (ws_async_client.py:79): [ws连接]启动中...
2022-05-22 22:09:57,292 [INFO] identify (ws_async_client.py:113): [ws连接]鉴权中...
2022-05-22 22:09:57,294 [INFO] _send_heartbeat (ws_async_client.py:193): [ws连接]心跳检测启动...
2022-05-22 22:09:57,528 [INFO] on_message (ws_async_client.py:57): [ws连接]鉴权成功
2022-05-22 22:09:57,528 [INFO] on_message (ws_async_client.py:62): [ws连接]程序启动成功！
2022-05-22 22:10:11,651 [INFO] _message_handler (main.py:33): event <qqbot.model.ws_context.WsContext object at 0x1061a7700>,receive message <@!9146162593823435465> /打卡 2022-05-14
2022-05-22 22:10:32,747 [INFO] _message_handler (main.py:33): event <qqbot.model.ws_context.WsContext object at 0x1061a7700>,receive message <@!9146162593823435465> /打卡 2022-05-16
2022-05-22 22:10:53,841 [INFO] _message_handler (main.py:33): event <qqbot.model.ws_context.WsContext object at 0x1061a7e50>,receive message <@!9146162593823435465> /打卡 2022-05-15
2022-05-22 22:11:08,880 [INFO] _message_handler (main.py:33): event <qqbot.model.ws_context.WsContext object at 0x1061a7700>,receive message <@!9146162593823435465> /打卡 2022-05-16
2022-05-22 22:11:31,114 [INFO] _message_handler (main.py:33): event <qqbot.model.ws_context.WsContext object at 0x1061a7700>,receive message <@!9146162593823435465> /打卡 2022-5-17
2022-05-22 22:12:01,743 [INFO] start_session (ws_async_manager.py:98): [连接管理]服务强行停止!
2022-05-22 22:22:56,984 [INFO] start (ws_async_manager.py:54): [连接管理]程序启动...
2022-05-22 22:22:56,985 [INFO] run (ws_async_pool.py:34): [连接池]最大并发连接数: 1, 启动会话数: 1
2022-05-22 22:22:56,985 [INFO] new_connect (ws_async_manager.py:110): [连接管理]新会话启动中...
2022-05-22 22:22:56,985 [INFO] connect (ws_async_client.py:79): [ws连接]启动中...
2022-05-22 22:22:57,295 [INFO] identify (ws_async_client.py:113): [ws连接]鉴权中...
2022-05-22 22:22:57,296 [INFO] _send_heartbeat (ws_async_client.py:193): [ws连接]心跳检测启动...
2022-05-22 22:22:57,472 [INFO] on_message (ws_async_client.py:57): [ws连接]鉴权成功
2022-05-22 22:22:57,473 [INFO] on_message (ws_async_client.py:62): [ws连接]程序启动成功！
2022-05-22 22:23:07,612 [INFO] _message_handler (main.py:31): event <qqbot.model.ws_context.WsContext object at 0x104af8550>,receive message <@!9146162593823435465> /打卡 2992
2022-05-22 22:23:56,607 [INFO] start_session (ws_async_manager.py:98): [连接管理]服务强行停止!
2022-05-22 22:23:58,268 [INFO] start (ws_async_manager.py:54): [连接管理]程序启动...
2022-05-22 22:23:58,268 [INFO] run (ws_async_pool.py:34): [连接池]最大并发连接数: 1, 启动会话数: 1
2022-05-22 22:23:58,269 [INFO] new_connect (ws_async_manager.py:110): [连接管理]新会话启动中...
2022-05-22 22:23:58,269 [INFO] connect (ws_async_client.py:79): [ws连接]启动中...
2022-05-22 22:23:58,648 [INFO] identify (ws_async_client.py:113): [ws连接]鉴权中...
2022-05-22 22:23:58,649 [INFO] _send_heartbeat (ws_async_client.py:193): [ws连接]心跳检测启动...
2022-05-22 22:23:58,796 [INFO] on_message (ws_async_client.py:57): [ws连接]鉴权成功
2022-05-22 22:23:58,797 [INFO] on_message (ws_async_client.py:62): [ws连接]程序启动成功！
2022-05-22 22:24:06,901 [INFO] _message_handler (main.py:31): event <qqbot.model.ws_context.WsContext object at 0x102a95610>,receive message <@!9146162593823435465> /打卡 222
2022-05-22 22:24:24,923 [INFO] _message_handler (main.py:31): event <qqbot.model.ws_context.WsContext object at 0x102a95610>,receive message <@!9146162593823435465> /打卡 2022-4-1
2022-05-22 22:24:41,923 [INFO] _message_handler (main.py:31): event <qqbot.model.ws_context.WsContext object at 0x102a95850>,receive message <@!9146162593823435465> /打卡 2022-05-18
2022-05-22 22:28:44,407 [INFO] _message_handler (main.py:31): event <qqbot.model.ws_context.WsContext object at 0x102a95850>,receive message <@!9146162593823435465> /打卡 2022-05-22
